<?xml version="1.0" encoding="UTF-8"?>
<testng-results ignored="0" total="1" passed="1" failed="0" skipped="0">
  <reporter-output>
  </reporter-output>
  <suite started-at="2023-12-14T08:57:52 PST" name="Default suite" finished-at="2023-12-14T08:58:51 PST" duration-ms="59001">
    <groups>
    </groups>
    <test started-at="2023-12-14T08:57:52 PST" name="Default test" finished-at="2023-12-14T08:58:51 PST" duration-ms="59001">
      <class name="test.Projcttest">
        <test-method is-config="true" signature="baseclass()[pri:0, instance:test.Projcttest@f78a47e]" started-at="2023-12-14T08:57:52 PST" name="baseclass" finished-at="2023-12-14T08:58:14 PST" duration-ms="22508" status="PASS">
          <reporter-output>
          </reporter-output>
        </test-method> <!-- baseclass -->
        <test-method signature="test()[pri:0, instance:test.Projcttest@f78a47e]" started-at="2023-12-14T08:58:15 PST" name="test" finished-at="2023-12-14T08:58:51 PST" duration-ms="36298" status="PASS">
          <reporter-output>
          </reporter-output>
        </test-method> <!-- test -->
      </class> <!-- test.Projcttest -->
    </test> <!-- Default test -->
  </suite> <!-- Default suite -->
</testng-results>
